#
# A fatal error has been detected by the Java Runtime Environment:
#
#  SIGSEGV (0xb) at pc=0x00007f66bfe46bd7, pid=3896, tid=140079085045504
#
# JRE version: OpenJDK Runtime Environment (7.0_79-b14) (build 1.7.0_79-b14)
# Java VM: OpenJDK 64-Bit Server VM (24.79-b02 mixed mode linux-amd64 compressed oops)
# Derivative: IcedTea 2.5.5
# Distribution: Ubuntu 14.04 LTS, package 7u79-2.5.5-0ubuntu0.14.04.2
# Problematic frame:
# V  [libjvm.so+0x5e8bd7]  java_lang_String::length(oopDesc*) [clone .part.108]+0x37
#
# Failed to write core dump. Core dumps have been disabled. To enable core dumping, try "ulimit -c unlimited" before starting Java again
#
# If you would like to submit a bug report, please include
# instructions on how to reproduce the bug and visit:
#   http://icedtea.classpath.org/bugzilla
#

---------------  T H R E A D  ---------------

Current thread (0x00007f66b80b7000):  JavaThread "JDWP Transport Listener: dt_socket" daemon [_thread_in_vm, id=3913, stack(0x00007f66b40ac000,0x00007f66b41ad000)]

siginfo:si_signo=SIGSEGV: si_errno=0, si_code=1 (SEGV_MAPERR), si_addr=0x000000000000000c

Registers:
RAX=0x0000000000000000, RBX=0x0000000000000001, RCX=0x00007f66c0a93320, RDX=0x000000000000000c
RSP=0x00007f66b41aba10, RBP=0x00007f66b41aba10, RSI=0x00007f66b8079a08, RDI=0x00000000ec45eb00
R8 =0x0000000000000001, R9 =0x00007f6688000078, R10=0x0000000000000000, R11=0x0000000000000206
R12=0x0000000000000000, R13=0x0000000000000000, R14=0x00007f66b41abb80, R15=0x0000000000000000
RIP=0x00007f66bfe46bd7, EFLAGS=0x0000000000010246, CSGSFS=0x0000000000000033, ERR=0x0000000000000004
  TRAPNO=0x000000000000000e

Top of Stack: (sp=0x00007f66b41aba10)
0x00007f66b41aba10:   00007f66b41aba40 00007f66bfe476a5
0x00007f66b41aba20:   00007f66b41aba60 00007f66b80b7000
0x00007f66b41aba30:   00007f66b8079a08 00000000ec45eb00
0x00007f66b41aba40:   00007f66b41abab0 00007f66bfe57cd2
0x00007f66b41aba50:   00007f66b80b71d8 00007f66be9f5f00
0x00007f66b41aba60:   00007f66b80b7000 0000000000000000
0x00007f66b41aba70:   00007f66b80b71d8 00007f66b8079a08
0x00007f66b41aba80:   00007f66b41abb50 00007f66b80b71d8
0x00007f66b41aba90:   00007f66be9f5f00 00007f66b8079a08
0x00007f66b41abaa0:   00007f66b41abb80 00007f66be9f5f00
0x00007f66b41abab0:   00007f66b41abaf0 00007f66be7c4022
0x00007f66b41abac0:   00007f66b41abb50 0000000000010a00
0x00007f66b41abad0:   00007f66b41abb50 000000000000000a
0x00007f66b41abae0:   00007f66b41abb80 00007f66be9f5f00
0x00007f66b41abaf0:   00007f66b41abd40 00007f66be7cc688
0x00007f66b41abb00:   000035ad00000013 00007f6688010a00
0x00007f66b41abb10:   00007f6680000f80 00007f6688000020
0x00007f66b41abb20:   0000000000000020 00007f6680000f01
0x00007f66b41abb30:   000035ad00000013 00007f6688010a00
0x00007f66b41abb40:   00007f6680000f80 00007f66b80ae728
0x00007f66b41abb50:   00007f6680000f88 000000000000000b
0x00007f66b41abb60:   000035ad00000013 00007f6688010a00
0x00007f66b41abb70:   00007f6680000f80 00007f668800b600
0x00007f66b41abb80:   00007f66b41abbd0 000000000000012c
0x00007f66b41abb90:   00007f66b41abb98 00007f6600000000
0x00007f66b41abba0:   00007f66b41abbd0 0000000000000000
0x00007f66b41abbb0:   00007f0000000000 000035ad00000018
0x00007f66b41abbc0:   00007f660000bc80 00007f66b41abbd0
0x00007f66b41abbd0:   0000005b01000000 6575515300000000
0x00007f66b41abbe0:   73696874302d6575 76616a4c12000000
0x00007f66b41abbf0:   532f676e616c2f61 00003b676e697274
0x00007f66b41abc00:   0000430000000000 0000000000000000 

Instructions: (pc=0x00007f66bfe46bd7)
0x00007f66bfe46bb7:   8b 14 07 31 c0 85 d2 74 12 89 d0 48 8d 15 57 98
0x00007f66bfe46bc7:   7d 00 8b 4a 08 48 d3 e0 48 03 02 ba 0c 00 00 00
0x00007f66bfe46bd7:   8b 04 10 5d c3 0f 1f 40 00 48 8b 04 07 ba 10 00
0x00007f66bfe46be7:   00 00 5d 8b 04 10 c3 66 90 55 48 8d 46 10 48 89 

Register to memory mapping:

RAX=0x0000000000000000 is an unknown value
RBX=0x0000000000000001 is an unknown value
RCX=0x00007f66c0a93320: <offset 0x219320> in /lib/x86_64-linux-gnu/libpthread.so.0 at 0x00007f66c087a000
RDX=0x000000000000000c is an unknown value
RSP=0x00007f66b41aba10 is pointing into the stack for thread: 0x00007f66b80b7000
RBP=0x00007f66b41aba10 is pointing into the stack for thread: 0x00007f66b80b7000
RSI=0x00007f66b8079a08 is a global jni handle
RDI=0x00000000ec45eb00 is an oop
java.lang.String 
 - klass: 'java/lang/String'
R8 =0x0000000000000001 is an unknown value
R9 =0x00007f6688000078 is an unknown value
R10=0x0000000000000000 is an unknown value
R11=0x0000000000000206 is an unknown value
R12=0x0000000000000000 is an unknown value
R13=0x0000000000000000 is an unknown value
R14=0x00007f66b41abb80 is pointing into the stack for thread: 0x00007f66b80b7000
R15=0x0000000000000000 is an unknown value


Stack: [0x00007f66b40ac000,0x00007f66b41ad000],  sp=0x00007f66b41aba10,  free space=1022k
Native frames: (J=compiled Java code, j=interpreted, Vv=VM code, C=native code)
V  [libjvm.so+0x5e8bd7]  java_lang_String::length(oopDesc*) [clone .part.108]+0x37
V  [libjvm.so+0x5e96a5]  java_lang_String::utf8_length(oopDesc*)+0x95
V  [libjvm.so+0x5f9cd2]  jni_GetStringUTFChars+0x72
C  [libjdwp.so+0x9022]
C  [libjdwp.so+0x11688]
C  [libjdwp.so+0x23795]
V  [libjvm.so+0x6aa5db]  JvmtiAgentThread::start_function_wrapper(JavaThread*, Thread*)+0x9b
V  [libjvm.so+0x900e30]  JavaThread::thread_main_inner()+0xf0
V  [libjvm.so+0x9010a1]  JavaThread::run()+0x221
V  [libjvm.so+0x7c4f32]  java_start(Thread*)+0xf2


---------------  P R O C E S S  ---------------

Java Threads: ( => current thread )
  0x00007f6654014800 JavaThread "TimerQueue" daemon [_thread_blocked, id=3932, stack(0x00007f666b06c000,0x00007f666b16d000)]
  0x00007f66b800c800 JavaThread "DestroyJavaVM" [_thread_blocked, id=3902, stack(0x00007f66c1366000,0x00007f66c1467000)]
  0x00007f66b82e5800 JavaThread "AWT-EventQueue-0" [_thread_blocked, id=3929, stack(0x00007f666b7ec000,0x00007f666b8ed000)]
  0x00007f66b82e4800 JavaThread "AWT-Shutdown" [_thread_blocked, id=3928, stack(0x00007f666b8ed000,0x00007f666b9ee000)]
  0x00007f66b8238000 JavaThread "AWT-XAWT" daemon [_thread_in_native, id=3926, stack(0x00007f666baef000,0x00007f666bbf0000)]
  0x00007f66b820f000 JavaThread "Java2D Disposer" daemon [_thread_blocked, id=3925, stack(0x00007f66ac065000,0x00007f66ac166000)]
  0x00007f66b80c2800 JavaThread "Service Thread" daemon [_thread_blocked, id=3922, stack(0x00007f66ad79b000,0x00007f66ad89c000)]
  0x00007f66b80c0000 JavaThread "C2 CompilerThread1" daemon [_thread_blocked, id=3921, stack(0x00007f66ad89c000,0x00007f66ad99d000)]
  0x00007f66b80bd000 JavaThread "C2 CompilerThread0" daemon [_thread_blocked, id=3920, stack(0x00007f66ad99d000,0x00007f66ada9e000)]
  0x00007f6688001000 JavaThread "JDWP Command Reader" daemon [_thread_in_native, id=3917, stack(0x00007f66ada9e000,0x00007f66adb9f000)]
  0x00007f66b80ba800 JavaThread "JDWP Event Helper Thread" daemon [_thread_blocked, id=3916, stack(0x00007f66adb9f000,0x00007f66adca0000)]
=>0x00007f66b80b7000 JavaThread "JDWP Transport Listener: dt_socket" daemon [_thread_in_vm, id=3913, stack(0x00007f66b40ac000,0x00007f66b41ad000)]
  0x00007f66b80aa000 JavaThread "Signal Dispatcher" daemon [_thread_blocked, id=3911, stack(0x00007f66b43b2000,0x00007f66b44b3000)]
  0x00007f66b807e000 JavaThread "Finalizer" daemon [_thread_blocked, id=3909, stack(0x00007f66b44b3000,0x00007f66b45b4000)]
  0x00007f66b807c000 JavaThread "Reference Handler" daemon [_thread_blocked, id=3908, stack(0x00007f66b45b4000,0x00007f66b46b5000)]

Other Threads:
  0x00007f66b8077800 VMThread [stack: 0x00007f66b46b5000,0x00007f66b47b6000] [id=3907]
  0x00007f66b80cd000 WatcherThread [stack: 0x00007f66ad69a000,0x00007f66ad79b000] [id=3923]

VM state:not at safepoint (normal execution)

VM Mutex/Monitor currently owned by a thread: None

Heap
 PSYoungGen      total 18432K, used 6707K [0x00000000ebe00000, 0x00000000ed280000, 0x0000000100000000)
  eden space 15872K, 42% used [0x00000000ebe00000,0x00000000ec48cfc8,0x00000000ecd80000)
  from space 2560K, 0% used [0x00000000ed000000,0x00000000ed000000,0x00000000ed280000)
  to   space 2560K, 0% used [0x00000000ecd80000,0x00000000ecd80000,0x00000000ed000000)
 ParOldGen       total 40960K, used 0K [0x00000000c3a00000, 0x00000000c6200000, 0x00000000ebe00000)
  object space 40960K, 0% used [0x00000000c3a00000,0x00000000c3a00000,0x00000000c6200000)
 PSPermGen       total 21504K, used 13959K [0x00000000b9400000, 0x00000000ba900000, 0x00000000c3a00000)
  object space 21504K, 64% used [0x00000000b9400000,0x00000000ba1a1df8,0x00000000ba900000)

Card table byte_map: [0x00007f66bd24c000,0x00007f66bd483000] byte_map_base: 0x00007f66bcc82000

Polling page: 0x00007f66c148e000

Code Cache  [0x00007f66b5000000, 0x00007f66b5270000, 0x00007f66b8000000)
 total_blobs=499 nmethods=34 adapters=426 free_code_cache=48562Kb largest_free_block=49711680

Compilation events (10 events):
Event: 2,915 Thread 0x00007f66b80bd000   30             sun.util.logging.PlatformLogger$DefaultLoggerProxy::isLoggable (29 bytes)
Event: 2,919 Thread 0x00007f66b80bd000 nmethod 30 0x00007f66b50914d0 code [0x00007f66b5091620, 0x00007f66b5091798]
Event: 3,829 Thread 0x00007f66b80c0000   31             java.util.HashMap::getEntry (86 bytes)
Event: 3,837 Thread 0x00007f66b80c0000 nmethod 31 0x00007f66b5093490 code [0x00007f66b5093600, 0x00007f66b5093848]
Event: 4,376 Thread 0x00007f66b80bd000   32             java.util.concurrent.locks.AbstractQueuedSynchronizer::getState (5 bytes)
Event: 4,377 Thread 0x00007f66b80bd000 nmethod 32 0x00007f66b5094790 code [0x00007f66b50948c0, 0x00007f66b5094918]
Event: 4,653 Thread 0x00007f66b80c0000   33             java.awt.Component::getParent_NoClientCode (5 bytes)
Event: 4,654 Thread 0x00007f66b80c0000 nmethod 33 0x00007f66b5094590 code [0x00007f66b50946c0, 0x00007f66b5094718]
Event: 40,990 Thread 0x00007f66b80bd000   34             java.util.concurrent.locks.AbstractOwnableSynchronizer::getExclusiveOwnerThread (5 bytes)
Event: 40,990 Thread 0x00007f66b80bd000 nmethod 34 0x00007f66b5093290 code [0x00007f66b50933c0, 0x00007f66b5093418]

GC Heap History (0 events):
No events

Deoptimization events (8 events):
Event: 0,597 Thread 0x00007f66b800c800 Uncommon trap: reason=class_check action=maybe_recompile pc=0x00007f66b507bfb0 method=java.util.Properties$LineReader.readLine()I @ 62
Event: 0,599 Thread 0x00007f66b800c800 Uncommon trap: reason=class_check action=maybe_recompile pc=0x00007f66b507bfb0 method=java.util.Properties$LineReader.readLine()I @ 62
Event: 0,600 Thread 0x00007f66b800c800 Uncommon trap: reason=class_check action=maybe_recompile pc=0x00007f66b507bfb0 method=java.util.Properties$LineReader.readLine()I @ 62
Event: 0,602 Thread 0x00007f66b800c800 Uncommon trap: reason=class_check action=maybe_recompile pc=0x00007f66b507bfb0 method=java.util.Properties$LineReader.readLine()I @ 62
Event: 0,692 Thread 0x00007f66b800c800 Uncommon trap: reason=class_check action=maybe_recompile pc=0x00007f66b5078c58 method=java.lang.String.equals(Ljava/lang/Object;)Z @ 8
Event: 0,695 Thread 0x00007f66b800c800 Uncommon trap: reason=class_check action=maybe_recompile pc=0x00007f66b5078c58 method=java.lang.String.equals(Ljava/lang/Object;)Z @ 8
Event: 0,696 Thread 0x00007f66b800c800 Uncommon trap: reason=class_check action=maybe_recompile pc=0x00007f66b5078c58 method=java.lang.String.equals(Ljava/lang/Object;)Z @ 8
Event: 0,696 Thread 0x00007f66b800c800 Uncommon trap: reason=class_check action=maybe_recompile pc=0x00007f66b5078c58 method=java.lang.String.equals(Ljava/lang/Object;)Z @ 8

Internal exceptions (10 events):
Event: 0,367 Thread 0x00007f66b800c800 Threw 0x00000000ebef4588 at /build/buildd/openjdk-7-7u79-2.5.5/build/openjdk/hotspot/src/share/vm/prims/jvm.cpp:1284
Event: 0,367 Thread 0x00007f66b800c800 Threw 0x00000000ebef46b0 at /build/buildd/openjdk-7-7u79-2.5.5/build/openjdk/hotspot/src/share/vm/prims/jvm.cpp:1284
Event: 0,368 Thread 0x00007f66b800c800 Threw 0x00000000ebef6d60 at /build/buildd/openjdk-7-7u79-2.5.5/build/openjdk/hotspot/src/share/vm/prims/jvm.cpp:1284
Event: 0,368 Thread 0x00007f66b800c800 Threw 0x00000000ebef6e88 at /build/buildd/openjdk-7-7u79-2.5.5/build/openjdk/hotspot/src/share/vm/prims/jvm.cpp:1284
Event: 0,368 Thread 0x00007f66b800c800 Threw 0x00000000ebef7888 at /build/buildd/openjdk-7-7u79-2.5.5/build/openjdk/hotspot/src/share/vm/prims/jvm.cpp:1284
Event: 0,368 Thread 0x00007f66b800c800 Threw 0x00000000ebef79b0 at /build/buildd/openjdk-7-7u79-2.5.5/build/openjdk/hotspot/src/share/vm/prims/jvm.cpp:1284
Event: 0,634 Thread 0x00007f66b800c800 Threw 0x00000000ec219ed0 at /build/buildd/openjdk-7-7u79-2.5.5/build/openjdk/hotspot/src/share/vm/prims/jvm.cpp:1284
Event: 0,637 Thread 0x00007f66b800c800 Threw 0x00000000ec21c640 at /build/buildd/openjdk-7-7u79-2.5.5/build/openjdk/hotspot/src/share/vm/prims/jvm.cpp:1284
Event: 0,640 Thread 0x00007f66b800c800 Threw 0x00000000ec21e320 at /build/buildd/openjdk-7-7u79-2.5.5/build/openjdk/hotspot/src/share/vm/prims/jvm.cpp:1284
Event: 0,896 Thread 0x00007f66b82e5800 Threw 0x00000000ec115188 at /build/buildd/openjdk-7-7u79-2.5.5/build/openjdk/hotspot/src/share/vm/prims/jni.cpp:747

Events (10 events):
Event: 86,701 Executing VM operation: ChangeSingleStep
Event: 86,702 Executing VM operation: ChangeSingleStep done
Event: 86,703 Executing VM operation: ChangeSingleStep
Event: 86,703 Executing VM operation: ChangeSingleStep done
Event: 86,718 Executing VM operation: GetOrSetLocal
Event: 86,718 Executing VM operation: GetOrSetLocal done
Event: 86,724 Executing VM operation: GetOrSetLocal
Event: 86,724 Executing VM operation: GetOrSetLocal done
Event: 86,751 Executing VM operation: GetOrSetLocal
Event: 86,751 Executing VM operation: GetOrSetLocal done


Dynamic libraries:
00400000-00401000 r-xp 00000000 08:06 1709289                            /usr/lib/jvm/java-7-openjdk-amd64/jre/bin/java
00600000-00601000 r--p 00000000 08:06 1709289                            /usr/lib/jvm/java-7-openjdk-amd64/jre/bin/java
00601000-00602000 rw-p 00001000 08:06 1709289                            /usr/lib/jvm/java-7-openjdk-amd64/jre/bin/java
0142f000-01450000 rw-p 00000000 00:00 0                                  [heap]
b9400000-ba900000 rw-p 00000000 00:00 0 
ba900000-c3a00000 rw-p 00000000 00:00 0 
c3a00000-c6200000 rw-p 00000000 00:00 0 
c6200000-ebe00000 rw-p 00000000 00:00 0 
ebe00000-ed280000 rw-p 00000000 00:00 0 
ed280000-100000000 rw-p 00000000 00:00 0 
7f6654000000-7f6654035000 rw-p 00000000 00:00 0 
7f6654035000-7f6658000000 ---p 00000000 00:00 0 
7f6658000000-7f6658021000 rw-p 00000000 00:00 0 
7f6658021000-7f665c000000 ---p 00000000 00:00 0 
7f665c000000-7f665c021000 rw-p 00000000 00:00 0 
7f665c021000-7f6660000000 ---p 00000000 00:00 0 
7f6660000000-7f6660021000 rw-p 00000000 00:00 0 
7f6660021000-7f6664000000 ---p 00000000 00:00 0 
7f6664000000-7f6664021000 rw-p 00000000 00:00 0 
7f6664021000-7f6668000000 ---p 00000000 00:00 0 
7f666ae32000-7f666b06c000 rw-p 00000000 00:00 0 
7f666b06c000-7f666b06f000 ---p 00000000 00:00 0 
7f666b06f000-7f666b16d000 rw-p 00000000 00:00 0                          [stack:3932]
7f666b16d000-7f666b17d000 r-xp 00000000 08:06 1726939                    /usr/lib/jvm/java-7-openjdk-amd64/jre/lib/amd64/libnio.so
7f666b17d000-7f666b37d000 ---p 00010000 08:06 1726939                    /usr/lib/jvm/java-7-openjdk-amd64/jre/lib/amd64/libnio.so
7f666b37d000-7f666b37e000 r--p 00010000 08:06 1726939                    /usr/lib/jvm/java-7-openjdk-amd64/jre/lib/amd64/libnio.so
7f666b37e000-7f666b37f000 rw-p 00011000 08:06 1726939                    /usr/lib/jvm/java-7-openjdk-amd64/jre/lib/amd64/libnio.so
7f666b37f000-7f666b396000 r-xp 00000000 08:06 1726953                    /usr/lib/jvm/java-7-openjdk-amd64/jre/lib/amd64/libnet.so
7f666b396000-7f666b595000 ---p 00017000 08:06 1726953                    /usr/lib/jvm/java-7-openjdk-amd64/jre/lib/amd64/libnet.so
7f666b595000-7f666b596000 r--p 00016000 08:06 1726953                    /usr/lib/jvm/java-7-openjdk-amd64/jre/lib/amd64/libnet.so
7f666b596000-7f666b597000 rw-p 00017000 08:06 1726953                    /usr/lib/jvm/java-7-openjdk-amd64/jre/lib/amd64/libnet.so
7f666b597000-7f666b5e9000 r-xp 00000000 08:06 1726941                    /usr/lib/jvm/java-7-openjdk-amd64/jre/lib/amd64/libfontmanager.so
7f666b5e9000-7f666b7e8000 ---p 00052000 08:06 1726941                    /usr/lib/jvm/java-7-openjdk-amd64/jre/lib/amd64/libfontmanager.so
7f666b7e8000-7f666b7eb000 r--p 00051000 08:06 1726941                    /usr/lib/jvm/java-7-openjdk-amd64/jre/lib/amd64/libfontmanager.so
7f666b7eb000-7f666b7ec000 rw-p 00054000 08:06 1726941                    /usr/lib/jvm/java-7-openjdk-amd64/jre/lib/amd64/libfontmanager.so
7f666b7ec000-7f666b7ef000 ---p 00000000 00:00 0 
7f666b7ef000-7f666b8ed000 rw-p 00000000 00:00 0                          [stack:3929]
7f666b8ed000-7f666b8f0000 ---p 00000000 00:00 0 
7f666b8f0000-7f666b9ee000 rw-p 00000000 00:00 0                          [stack:3928]
7f666b9ee000-7f666b9f1000 ---p 00000000 00:00 0 
7f666b9f1000-7f666baef000 rw-p 00000000 00:00 0 
7f666baef000-7f666baf2000 ---p 00000000 00:00 0 
7f666baf2000-7f666bbf0000 rw-p 00000000 00:00 0                          [stack:3926]
7f666bbf0000-7f666bbf5000 r-xp 00000000 08:06 1711013                    /usr/lib/x86_64-linux-gnu/libXfixes.so.3.1.0
7f666bbf5000-7f666bdf4000 ---p 00005000 08:06 1711013                    /usr/lib/x86_64-linux-gnu/libXfixes.so.3.1.0
7f666bdf4000-7f666bdf5000 r--p 00004000 08:06 1711013                    /usr/lib/x86_64-linux-gnu/libXfixes.so.3.1.0
7f666bdf5000-7f666bdf6000 rw-p 00005000 08:06 1711013                    /usr/lib/x86_64-linux-gnu/libXfixes.so.3.1.0
7f666bdf6000-7f666bdff000 r-xp 00000000 08:06 1712157                    /usr/lib/x86_64-linux-gnu/libXcursor.so.1.0.2
7f666bdff000-7f666bffe000 ---p 00009000 08:06 1712157                    /usr/lib/x86_64-linux-gnu/libXcursor.so.1.0.2
7f666bffe000-7f666bfff000 r--p 00008000 08:06 1712157                    /usr/lib/x86_64-linux-gnu/libXcursor.so.1.0.2
7f666bfff000-7f666c000000 rw-p 00009000 08:06 1712157                    /usr/lib/x86_64-linux-gnu/libXcursor.so.1.0.2
7f666c000000-7f666c021000 rw-p 00000000 00:00 0 
7f666c021000-7f6670000000 ---p 00000000 00:00 0 
7f6670000000-7f6670021000 rw-p 00000000 00:00 0 
7f6670021000-7f6674000000 ---p 00000000 00:00 0 
7f6674042000-7f6674046000 r-xp 00000000 08:06 2887600                    /lib/x86_64-linux-gnu/libgpg-error.so.0.10.0
7f6674046000-7f6674245000 ---p 00004000 08:06 2887600                    /lib/x86_64-linux-gnu/libgpg-error.so.0.10.0
7f6674245000-7f6674246000 r--p 00003000 08:06 2887600                    /lib/x86_64-linux-gnu/libgpg-error.so.0.10.0
7f6674246000-7f6674247000 rw-p 00004000 08:06 2887600                    /lib/x86_64-linux-gnu/libgpg-error.so.0.10.0
7f6674247000-7f6674249000 r-xp 00000000 08:06 2887610                    /lib/x86_64-linux-gnu/libkeyutils.so.1.4
7f6674249000-7f6674449000 ---p 00002000 08:06 2887610                    /lib/x86_64-linux-gnu/libkeyutils.so.1.4
7f6674449000-7f667444a000 r--p 00002000 08:06 2887610                    /lib/x86_64-linux-gnu/libkeyutils.so.1.4
7f667444a000-7f667444b000 rw-p 00003000 08:06 2887610                    /lib/x86_64-linux-gnu/libkeyutils.so.1.4
7f667444b000-7f6674488000 r-xp 00000000 08:06 2887670                    /lib/x86_64-linux-gnu/libpcre.so.3.13.1
7f6674488000-7f6674687000 ---p 0003d000 08:06 2887670                    /lib/x86_64-linux-gnu/libpcre.so.3.13.1
7f6674687000-7f6674688000 r--p 0003c000 08:06 2887670                    /lib/x86_64-linux-gnu/libpcre.so.3.13.1
7f6674688000-7f6674689000 rw-p 0003d000 08:06 2887670                    /lib/x86_64-linux-gnu/libpcre.so.3.13.1
7f6674689000-7f66746ae000 r-xp 00000000 08:06 2887682                    /lib/x86_64-linux-gnu/libpng12.so.0.50.0
7f66746ae000-7f66748ad000 ---p 00025000 08:06 2887682                    /lib/x86_64-linux-gnu/libpng12.so.0.50.0
7f66748ad000-7f66748ae000 r--p 00024000 08:06 2887682                    /lib/x86_64-linux-gnu/libpng12.so.0.50.0
7f66748ae000-7f66748af000 rw-p 00025000 08:06 2887682                    /lib/x86_64-linux-gnu/libpng12.so.0.50.0
7f66748af000-7f66748f3000 r-xp 00000000 08:06 2884884                    /lib/x86_64-linux-gnu/libdbus-1.so.3.7.6
7f66748f3000-7f6674af2000 ---p 00044000 08:06 2884884                    /lib/x86_64-linux-gnu/libdbus-1.so.3.7.6
7f6674af2000-7f6674af3000 r--p 00043000 08:06 2884884                    /lib/x86_64-linux-gnu/libdbus-1.so.3.7.6
7f6674af3000-7f6674af4000 rw-p 00044000 08:06 2884884                    /lib/x86_64-linux-gnu/libdbus-1.so.3.7.6
7f6674af4000-7f6674b2f000 r-xp 00000000 08:06 1712877                    /usr/lib/x86_64-linux-gnu/libp11-kit.so.0.0.0
7f6674b2f000-7f6674d2e000 ---p 0003b000 08:06 1712877                    /usr/lib/x86_64-linux-gnu/libp11-kit.so.0.0.0
7f6674d2e000-7f6674d34000 r--p 0003a000 08:06 1712877                    /usr/lib/x86_64-linux-gnu/libp11-kit.so.0.0.0
7f6674d34000-7f6674d36000 rw-p 00040000 08:06 1712877                    /usr/lib/x86_64-linux-gnu/libp11-kit.so.0.0.0
7f6674d36000-7f6674d48000 r-xp 00000000 08:06 1704019                    /usr/lib/x86_64-linux-gnu/libtasn1.so.6.2.0
7f6674d48000-7f6674f48000 ---p 00012000 08:06 1704019                    /usr/lib/x86_64-linux-gnu/libtasn1.so.6.2.0
7f6674f48000-7f6674f49000 r--p 00012000 08:06 1704019                    /usr/lib/x86_64-linux-gnu/libtasn1.so.6.2.0
7f6674f49000-7f6674f4a000 rw-p 00013000 08:06 1704019                    /usr/lib/x86_64-linux-gnu/libtasn1.so.6.2.0
7f6674f4a000-7f6674fc6000 r-xp 00000000 08:06 2883685                    /lib/x86_64-linux-gnu/libgcrypt.so.11.8.2
7f6674fc6000-7f66751c6000 ---p 0007c000 08:06 2883685                    /lib/x86_64-linux-gnu/libgcrypt.so.11.8.2
7f66751c6000-7f66751c7000 r--p 0007c000 08:06 2883685                    /lib/x86_64-linux-gnu/libgcrypt.so.11.8.2
7f66751c7000-7f66751ca000 rw-p 0007d000 08:06 2883685                    /lib/x86_64-linux-gnu/libgcrypt.so.11.8.2
7f66751ca000-7f66751d4000 r-xp 00000000 08:06 1707831                    /usr/lib/x86_64-linux-gnu/libkrb5support.so.0.1
7f66751d4000-7f66753d3000 ---p 0000a000 08:06 1707831                    /usr/lib/x86_64-linux-gnu/libkrb5support.so.0.1
7f66753d3000-7f66753d4000 r--p 00009000 08:06 1707831                    /usr/lib/x86_64-linux-gnu/libkrb5support.so.0.1
7f66753d4000-7f66753d5000 rw-p 0000a000 08:06 1707831                    /usr/lib/x86_64-linux-gnu/libkrb5support.so.0.1
7f66753d5000-7f66753d8000 r-xp 00000000 08:06 2885800                    /lib/x86_64-linux-gnu/libcom_err.so.2.1
7f66753d8000-7f66755d7000 ---p 00003000 08:06 2885800                    /lib/x86_64-linux-gnu/libcom_err.so.2.1
7f66755d7000-7f66755d8000 r--p 00002000 08:06 2885800                    /lib/x86_64-linux-gnu/libcom_err.so.2.1
7f66755d8000-7f66755d9000 rw-p 00003000 08:06 2885800                    /lib/x86_64-linux-gnu/libcom_err.so.2.1
7f66755d9000-7f6675605000 r-xp 00000000 08:06 1704595                    /usr/lib/x86_64-linux-gnu/libk5crypto.so.3.1
7f6675605000-7f6675804000 ---p 0002c000 08:06 1704595                    /usr/lib/x86_64-linux-gnu/libk5crypto.so.3.1
7f6675804000-7f6675806000 r--p 0002b000 08:06 1704595                    /usr/lib/x86_64-linux-gnu/libk5crypto.so.3.1
7f6675806000-7f6675807000 rw-p 0002d000 08:06 1704595                    /usr/lib/x86_64-linux-gnu/libk5crypto.so.3.1
7f6675807000-7f6675808000 rw-p 00000000 00:00 0 
7f6675808000-7f66758c4000 r-xp 00000000 08:06 1707327                    /usr/lib/x86_64-linux-gnu/libkrb5.so.3.3
7f66758c4000-7f6675ac4000 ---p 000bc000 08:06 1707327                    /usr/lib/x86_64-linux-gnu/libkrb5.so.3.3
7f6675ac4000-7f6675ad1000 r--p 000bc000 08:06 1707327                    /usr/lib/x86_64-linux-gnu/libkrb5.so.3.3
7f6675ad1000-7f6675ad3000 rw-p 000c9000 08:06 1707327                    /usr/lib/x86_64-linux-gnu/libkrb5.so.3.3
7f6675ad3000-7f6675ad8000 r-xp 00000000 08:06 1712161                    /usr/lib/x86_64-linux-gnu/libXdmcp.so.6.0.0
7f6675ad8000-7f6675cd7000 ---p 00005000 08:06 1712161                    /usr/lib/x86_64-linux-gnu/libXdmcp.so.6.0.0
7f6675cd7000-7f6675cd8000 r--p 00004000 08:06 1712161                    /usr/lib/x86_64-linux-gnu/libXdmcp.so.6.0.0
7f6675cd8000-7f6675cd9000 rw-p 00005000 08:06 1712161                    /usr/lib/x86_64-linux-gnu/libXdmcp.so.6.0.0
7f6675cd9000-7f6675cdb000 r-xp 00000000 08:06 1712150                    /usr/lib/x86_64-linux-gnu/libXau.so.6.0.0
7f6675cdb000-7f6675edb000 ---p 00002000 08:06 1712150                    /usr/lib/x86_64-linux-gnu/libXau.so.6.0.0
7f6675edb000-7f6675edc000 r--p 00002000 08:06 1712150                    /usr/lib/x86_64-linux-gnu/libXau.so.6.0.0
7f6675edc000-7f6675edd000 rw-p 00003000 08:06 1712150                    /usr/lib/x86_64-linux-gnu/libXau.so.6.0.0
7f6675edd000-7f6675ee4000 r-xp 00000000 08:06 1712428                    /usr/lib/x86_64-linux-gnu/libffi.so.6.0.1
7f6675ee4000-7f66760e3000 ---p 00007000 08:06 1712428                    /usr/lib/x86_64-linux-gnu/libffi.so.6.0.1
7f66760e3000-7f66760e4000 r--p 00006000 08:06 1712428                    /usr/lib/x86_64-linux-gnu/libffi.so.6.0.1
7f66760e4000-7f66760e5000 rw-p 00007000 08:06 1712428                    /usr/lib/x86_64-linux-gnu/libffi.so.6.0.1
7f66760e5000-7f66760fc000 r-xp 00000000 08:06 2884878                    /lib/x86_64-linux-gnu/libresolv-2.19.so
7f66760fc000-7f66762fc000 ---p 00017000 08:06 2884878                    /lib/x86_64-linux-gnu/libresolv-2.19.so
7f66762fc000-7f66762fd000 r--p 00017000 08:06 2884878                    /lib/x86_64-linux-gnu/libresolv-2.19.so
7f66762fd000-7f66762fe000 rw-p 00018000 08:06 2884878                    /lib/x86_64-linux-gnu/libresolv-2.19.so
7f66762fe000-7f6676300000 rw-p 00000000 00:00 0 
7f6676300000-7f6676320000 r-xp 00000000 08:06 2883679                    /lib/x86_64-linux-gnu/libselinux.so.1
7f6676320000-7f667651f000 ---p 00020000 08:06 2883679                    /lib/x86_64-linux-gnu/libselinux.so.1
7f667651f000-7f6676520000 r--p 0001f000 08:06 2883679                    /lib/x86_64-linux-gnu/libselinux.so.1
7f6676520000-7f6676521000 rw-p 00020000 08:06 2883679                    /lib/x86_64-linux-gnu/libselinux.so.1
7f6676521000-7f6676523000 rw-p 00000000 00:00 0 
7f6676523000-7f6676629000 r-xp 00000000 08:06 2886359                    /lib/x86_64-linux-gnu/libglib-2.0.so.0.4002.0
7f6676629000-7f6676828000 ---p 00106000 08:06 2886359                    /lib/x86_64-linux-gnu/libglib-2.0.so.0.4002.0
7f6676828000-7f6676829000 r--p 00105000 08:06 2886359                    /lib/x86_64-linux-gnu/libglib-2.0.so.0.4002.0
7f6676829000-7f667682a000 rw-p 00106000 08:06 2886359                    /lib/x86_64-linux-gnu/libglib-2.0.so.0.4002.0
7f667682a000-7f667682b000 rw-p 00000000 00:00 0 
7f667682b000-7f667682e000 r-xp 00000000 08:06 1706375                    /usr/lib/x86_64-linux-gnu/libgmodule-2.0.so.0.4002.0
7f667682e000-7f6676a2d000 ---p 00003000 08:06 1706375                    /usr/lib/x86_64-linux-gnu/libgmodule-2.0.so.0.4002.0
7f6676a2d000-7f6676a2e000 r--p 00002000 08:06 1706375                    /usr/lib/x86_64-linux-gnu/libgmodule-2.0.so.0.4002.0
7f6676a2e000-7f6676a2f000 rw-p 00003000 08:06 1706375                    /usr/lib/x86_64-linux-gnu/libgmodule-2.0.so.0.4002.0
7f6676a2f000-7f6676a56000 r-xp 00000000 08:06 2887589                    /lib/x86_64-linux-gnu/libexpat.so.1.6.0
7f6676a56000-7f6676c56000 ---p 00027000 08:06 2887589                    /lib/x86_64-linux-gnu/libexpat.so.1.6.0
7f6676c56000-7f6676c58000 r--p 00027000 08:06 2887589                    /lib/x86_64-linux-gnu/libexpat.so.1.6.0
7f6676c58000-7f6676c59000 rw-p 00029000 08:06 2887589                    /lib/x86_64-linux-gnu/libexpat.so.1.6.0
7f6676c59000-7f6676cf6000 r-xp 00000000 08:06 1709314                    /usr/lib/x86_64-linux-gnu/libfreetype.so.6.11.1
7f6676cf6000-7f6676ef5000 ---p 0009d000 08:06 1709314                    /usr/lib/x86_64-linux-gnu/libfreetype.so.6.11.1
7f6676ef5000-7f6676efb000 r--p 0009c000 08:06 1709314                    /usr/lib/x86_64-linux-gnu/libfreetype.so.6.11.1
7f6676efb000-7f6676efc000 rw-p 000a2000 08:06 1709314                    /usr/lib/x86_64-linux-gnu/libfreetype.so.6.11.1
7f6676efc000-7f6676f0b000 r-xp 00000000 08:06 1712254                    /usr/lib/x86_64-linux-gnu/libavahi-client.so.3.2.9
7f6676f0b000-7f667710b000 ---p 0000f000 08:06 1712254                    /usr/lib/x86_64-linux-gnu/libavahi-client.so.3.2.9
7f667710b000-7f667710c000 r--p 0000f000 08:06 1712254                    /usr/lib/x86_64-linux-gnu/libavahi-client.so.3.2.9
7f667710c000-7f667710d000 rw-p 00010000 08:06 1712254                    /usr/lib/x86_64-linux-gnu/libavahi-client.so.3.2.9
7f667710d000-7f6677118000 r-xp 00000000 08:06 1712256                    /usr/lib/x86_64-linux-gnu/libavahi-common.so.3.5.3
7f6677118000-7f6677317000 ---p 0000b000 08:06 1712256                    /usr/lib/x86_64-linux-gnu/libavahi-common.so.3.5.3
7f6677317000-7f6677318000 r--p 0000a000 08:06 1712256                    /usr/lib/x86_64-linux-gnu/libavahi-common.so.3.5.3
7f6677318000-7f6677319000 rw-p 0000b000 08:06 1712256                    /usr/lib/x86_64-linux-gnu/libavahi-common.so.3.5.3
7f6677319000-7f66773cf000 r-xp 00000000 08:06 1710702                    /usr/lib/x86_64-linux-gnu/libgnutls.so.26.22.6
7f66773cf000-7f66775cf000 ---p 000b6000 08:06 1710702                    /usr/lib/x86_64-linux-gnu/libgnutls.so.26.22.6
7f66775cf000-7f66775d5000 r--p 000b6000 08:06 1710702                    /usr/lib/x86_64-linux-gnu/libgnutls.so.26.22.6
7f66775d5000-7f66775d6000 rw-p 000bc000 08:06 1710702                    /usr/lib/x86_64-linux-gnu/libgnutls.so.26.22.6
7f66775d6000-7f66775d7000 rw-p 00000000 00:00 0 
7f66775d7000-7f667761a000 r-xp 00000000 08:06 1704463                    /usr/lib/x86_64-linux-gnu/libgssapi_krb5.so.2.2
7f667761a000-7f667781a000 ---p 00043000 08:06 1704463                    /usr/lib/x86_64-linux-gnu/libgssapi_krb5.so.2.2
7f667781a000-7f667781b000 r--p 00043000 08:06 1704463                    /usr/lib/x86_64-linux-gnu/libgssapi_krb5.so.2.2
7f667781b000-7f667781d000 rw-p 00044000 08:06 1704463                    /usr/lib/x86_64-linux-gnu/libgssapi_krb5.so.2.2
7f667781d000-7f667783a000 r-xp 00000000 08:06 1713218                    /usr/lib/x86_64-linux-gnu/libxcb.so.1.1.0
7f667783a000-7f6677a3a000 ---p 0001d000 08:06 1713218                    /usr/lib/x86_64-linux-gnu/libxcb.so.1.1.0
7f6677a3a000-7f6677a3b000 r--p 0001d000 08:06 1713218                    /usr/lib/x86_64-linux-gnu/libxcb.so.1.1.0
7f6677a3b000-7f6677a3c000 rw-p 0001e000 08:06 1713218                    /usr/lib/x86_64-linux-gnu/libxcb.so.1.1.0
7f6677a3c000-7f6677a8b000 r-xp 00000000 08:06 1706377                    /usr/lib/x86_64-linux-gnu/libgobject-2.0.so.0.4002.0
7f6677a8b000-7f6677c8b000 ---p 0004f000 08:06 1706377                    /usr/lib/x86_64-linux-gnu/libgobject-2.0.so.0.4002.0
7f6677c8b000-7f6677c8c000 r--p 0004f000 08:06 1706377                    /usr/lib/x86_64-linux-gnu/libgobject-2.0.so.0.4002.0
7f6677c8c000-7f6677c8d000 rw-p 00050000 08:06 1706377                    /usr/lib/x86_64-linux-gnu/libgobject-2.0.so.0.4002.0
7f6677c8d000-7f6677df9000 r-xp 00000000 08:06 1706381                    /usr/lib/x86_64-linux-gnu/libgio-2.0.so.0.4002.0
7f6677df9000-7f6677ff8000 ---p 0016c000 08:06 1706381                    /usr/lib/x86_64-linux-gnu/libgio-2.0.so.0.4002.0
7f6677ff8000-7f6677ffc000 r--p 0016b000 08:06 1706381                    /usr/lib/x86_64-linux-gnu/libgio-2.0.so.0.4002.0
7f6677ffc000-7f6677ffe000 rw-p 0016f000 08:06 1706381                    /usr/lib/x86_64-linux-gnu/libgio-2.0.so.0.4002.0
7f6677ffe000-7f6678000000 rw-p 00000000 00:00 0 
7f6678000000-7f6678021000 rw-p 00000000 00:00 0 
7f6678021000-7f667c000000 ---p 00000000 00:00 0 
7f667c000000-7f667c16c000 rw-p 00000000 00:00 0 
7f667c16c000-7f6680000000 ---p 00000000 00:00 0 
7f6680000000-7f6680021000 rw-p 00000000 00:00 0 
7f6680021000-7f6684000000 ---p 00000000 00:00 0 
7f6684000000-7f6684342000 rw-p 00000000 00:00 0 
7f6684342000-7f6688000000 ---p 00000000 00:00 0 
7f6688000000-7f6688021000 rw-p 00000000 00:00 0 
7f6688021000-7f668c000000 ---p 00000000 00:00 0 
7f668c000000-7f668c021000 rw-p 00000000 00:00 0 
7f668c021000-7f6690000000 ---p 00000000 00:00 0 
7f6690000000-7f6690021000 rw-p 00000000 00:00 0 
7f6690021000-7f6694000000 ---p 00000000 00:00 0 
7f6694000000-7f6694021000 rw-p 00000000 00:00 0 
7f6694021000-7f6698000000 ---p 00000000 00:00 0 
7f6698000000-7f6698021000 rw-p 00000000 00:00 0 
7f6698021000-7f669c000000 ---p 00000000 00:00 0 
7f669c000000-7f669c021000 rw-p 00000000 00:00 0 
7f669c021000-7f66a0000000 ---p 00000000 00:00 0 
7f66a0000000-7f66a0021000 rw-p 00000000 00:00 0 
7f66a0021000-7f66a4000000 ---p 00000000 00:00 0 
7f66a4000000-7f66a4021000 rw-p 00000000 00:00 0 
7f66a4021000-7f66a8000000 ---p 00000000 00:00 0 
7f66a8000000-7f66a8021000 rw-p 00000000 00:00 0 
7f66a8021000-7f66ac000000 ---p 00000000 00:00 0 
7f66ac04e000-7f66ac065000 r--s 00000000 08:06 2624422                    /usr/share/fonts/type1/gsfonts/n021023l.pfb
7f66ac065000-7f66ac068000 ---p 00000000 00:00 0 
7f66ac068000-7f66ac166000 rw-p 00000000 00:00 0                          [stack:3925]
7f66ac166000-7f66ac1a0000 r-xp 00000000 08:06 1710883                    /usr/lib/x86_64-linux-gnu/libfontconfig.so.1.8.0
7f66ac1a0000-7f66ac39f000 ---p 0003a000 08:06 1710883                    /usr/lib/x86_64-linux-gnu/libfontconfig.so.1.8.0
7f66ac39f000-7f66ac3a1000 r--p 00039000 08:06 1710883                    /usr/lib/x86_64-linux-gnu/libfontconfig.so.1.8.0
7f66ac3a1000-7f66ac3a2000 rw-p 0003b000 08:06 1710883                    /usr/lib/x86_64-linux-gnu/libfontconfig.so.1.8.0
7f66ac3a2000-7f66ac40e000 r-xp 00000000 08:06 1704334                    /usr/lib/x86_64-linux-gnu/libcups.so.2
7f66ac40e000-7f66ac60e000 ---p 0006c000 08:06 1704334                    /usr/lib/x86_64-linux-gnu/libcups.so.2
7f66ac60e000-7f66ac615000 r--p 0006c000 08:06 1704334                    /usr/lib/x86_64-linux-gnu/libcups.so.2
7f66ac615000-7f66ac616000 rw-p 00073000 08:06 1704334                    /usr/lib/x86_64-linux-gnu/libcups.so.2
7f66ac616000-7f66ac625000 r-xp 00000000 08:06 1710936                    /usr/lib/x86_64-linux-gnu/libXi.so.6.1.0
7f66ac625000-7f66ac824000 ---p 0000f000 08:06 1710936                    /usr/lib/x86_64-linux-gnu/libXi.so.6.1.0
7f66ac824000-7f66ac825000 r--p 0000e000 08:06 1710936                    /usr/lib/x86_64-linux-gnu/libXi.so.6.1.0
7f66ac825000-7f66ac826000 rw-p 0000f000 08:06 1710936                    /usr/lib/x86_64-linux-gnu/libXi.so.6.1.0
7f66ac826000-7f66ac82b000 r-xp 00000000 08:06 1712191                    /usr/lib/x86_64-linux-gnu/libXtst.so.6.1.0
7f66ac82b000-7f66aca2a000 ---p 00005000 08:06 1712191                    /usr/lib/x86_64-linux-gnu/libXtst.so.6.1.0
7f66aca2a000-7f66aca2b000 r--p 00004000 08:06 1712191                    /usr/lib/x86_64-linux-gnu/libXtst.so.6.1.0
7f66aca2b000-7f66aca2c000 rw-p 00005000 08:06 1712191                    /usr/lib/x86_64-linux-gnu/libXtst.so.6.1.0
7f66aca2c000-7f66aca35000 r-xp 00000000 08:06 1710938                    /usr/lib/x86_64-linux-gnu/libXrender.so.1.3.0
7f66aca35000-7f66acc34000 ---p 00009000 08:06 1710938                    /usr/lib/x86_64-linux-gnu/libXrender.so.1.3.0
7f66acc34000-7f66acc35000 r--p 00008000 08:06 1710938                    /usr/lib/x86_64-linux-gnu/libXrender.so.1.3.0
7f66acc35000-7f66acc36000 rw-p 00009000 08:06 1710938                    /usr/lib/x86_64-linux-gnu/libXrender.so.1.3.0
7f66acc36000-7f66acd66000 r-xp 00000000 08:06 1712146                    /usr/lib/x86_64-linux-gnu/libX11.so.6.3.0
7f66acd66000-7f66acf66000 ---p 00130000 08:06 1712146                    /usr/lib/x86_64-linux-gnu/libX11.so.6.3.0
7f66acf66000-7f66acf67000 r--p 00130000 08:06 1712146                    /usr/lib/x86_64-linux-gnu/libX11.so.6.3.0
7f66acf67000-7f66acf6b000 rw-p 00131000 08:06 1712146                    /usr/lib/x86_64-linux-gnu/libX11.so.6.3.0
7f66acf6b000-7f66acf7c000 r-xp 00000000 08:06 1710778                    /usr/lib/x86_64-linux-gnu/libXext.so.6.4.0
7f66acf7c000-7f66ad17b000 ---p 00011000 08:06 1710778                    /usr/lib/x86_64-linux-gnu/libXext.so.6.4.0
7f66ad17b000-7f66ad17c000 r--p 00010000 08:06 1710778                    /usr/lib/x86_64-linux-gnu/libXext.so.6.4.0
7f66ad17c000-7f66ad17d000 rw-p 00011000 08:06 1710778                    /usr/lib/x86_64-linux-gnu/libXext.so.6.4.0
7f66ad17d000-7f66ad1c5000 r-xp 00000000 08:06 1704816                    /usr/lib/jvm/java-7-openjdk-amd64/jre/lib/amd64/xawt/libmawt.so
7f66ad1c5000-7f66ad3c4000 ---p 00048000 08:06 1704816                    /usr/lib/jvm/java-7-openjdk-amd64/jre/lib/amd64/xawt/libmawt.so
7f66ad3c4000-7f66ad3c5000 r--p 00047000 08:06 1704816                    /usr/lib/jvm/java-7-openjdk-amd64/jre/lib/amd64/xawt/libmawt.so
7f66ad3c5000-7f66ad3c8000 rw-p 00048000 08:06 1704816                    /usr/lib/jvm/java-7-openjdk-amd64/jre/lib/amd64/xawt/libmawt.so
7f66ad3c8000-7f66ad3c9000 rw-p 00000000 00:00 0 
7f66ad3c9000-7f66ad469000 r-xp 00000000 08:06 1726924                    /usr/lib/jvm/java-7-openjdk-amd64/jre/lib/amd64/libawt.so
7f66ad469000-7f66ad669000 ---p 000a0000 08:06 1726924                    /usr/lib/jvm/java-7-openjdk-amd64/jre/lib/amd64/libawt.so
7f66ad669000-7f66ad66a000 r--p 000a0000 08:06 1726924                    /usr/lib/jvm/java-7-openjdk-amd64/jre/lib/amd64/libawt.so
7f66ad66a000-7f66ad675000 rw-p 000a1000 08:06 1726924                    /usr/lib/jvm/java-7-openjdk-amd64/jre/lib/amd64/libawt.so
7f66ad675000-7f66ad69a000 rw-p 00000000 00:00 0 
7f66ad69a000-7f66ad69b000 ---p 00000000 00:00 0 
7f66ad69b000-7f66ad79b000 rw-p 00000000 00:00 0                          [stack:3923]
7f66ad79b000-7f66ad79e000 ---p 00000000 00:00 0 
7f66ad79e000-7f66ad89c000 rw-p 00000000 00:00 0                          [stack:3922]
7f66ad89c000-7f66ad89f000 ---p 00000000 00:00 0 
7f66ad89f000-7f66ad99d000 rw-p 00000000 00:00 0                          [stack:3921]
7f66ad99d000-7f66ad9a0000 ---p 00000000 00:00 0 
7f66ad9a0000-7f66ada9e000 rw-p 00000000 00:00 0                          [stack:3920]
7f66ada9e000-7f66adaa1000 ---p 00000000 00:00 0 
7f66adaa1000-7f66adb9f000 rw-p 00000000 00:00 0                          [stack:3917]
7f66adb9f000-7f66adba2000 ---p 00000000 00:00 0 
7f66adba2000-7f66b0000000 rw-p 00000000 00:00 0                          [stack:3916]
7f66b0000000-7f66b0021000 rw-p 00000000 00:00 0 
7f66b0021000-7f66b4000000 ---p 00000000 00:00 0 
7f66b4000000-7f66b400a000 rw-s 00000000 00:04 6455314                    /SYSV00000000 (deleted)
7f66b4010000-7f66b4021000 r--s 00000000 08:06 2624398                    /usr/share/fonts/type1/gsfonts/n019023l.pfb
7f66b4021000-7f66b4035000 r--s 00000000 08:06 2624392                    /usr/share/fonts/type1/gsfonts/n019003l.pfb
7f66b4035000-7f66b4045000 r--s 00000000 08:06 6947072                    /usr/share/texlive/texmf-dist/fonts/type1/adobe/courier/pcrr8a.pfb
7f66b4045000-7f66b4055000 r--s 00000000 08:06 6947075                    /usr/share/texlive/texmf-dist/fonts/type1/adobe/courier/pcrbo8a.pfb
7f66b4055000-7f66b4086000 rw-p 00000000 00:00 0 
7f66b4086000-7f66b40ac000 r--p 00000000 08:06 2495276                    /usr/share/locale-langpack/es/LC_MESSAGES/libc.mo
7f66b40ac000-7f66b40af000 ---p 00000000 00:00 0 
7f66b40af000-7f66b41ad000 rw-p 00000000 00:00 0                          [stack:3913]
7f66b41ad000-7f66b41b1000 r-xp 00000000 08:06 1726925                    /usr/lib/jvm/java-7-openjdk-amd64/jre/lib/amd64/libdt_socket.so
7f66b41b1000-7f66b43b0000 ---p 00004000 08:06 1726925                    /usr/lib/jvm/java-7-openjdk-amd64/jre/lib/amd64/libdt_socket.so
7f66b43b0000-7f66b43b1000 r--p 00003000 08:06 1726925                    /usr/lib/jvm/java-7-openjdk-amd64/jre/lib/amd64/libdt_socket.so
7f66b43b1000-7f66b43b2000 rw-p 00004000 08:06 1726925                    /usr/lib/jvm/java-7-openjdk-amd64/jre/lib/amd64/libdt_socket.so
7f66b43b2000-7f66b43b5000 ---p 00000000 00:00 0 
7f66b43b5000-7f66b44b3000 rw-p 00000000 00:00 0                          [stack:3911]
7f66b44b3000-7f66b44b6000 ---p 00000000 00:00 0 
7f66b44b6000-7f66b45b4000 rw-p 00000000 00:00 0                          [stack:3909]
7f66b45b4000-7f66b45b7000 ---p 00000000 00:00 0 
7f66b45b7000-7f66b46b5000 rw-p 00000000 00:00 0                          [stack:3908]
7f66b46b5000-7f66b46b6000 ---p 00000000 00:00 0 
7f66b46b6000-7f66b5000000 rw-p 00000000 00:00 0                          [stack:3907]
7f66b5000000-7f66b5270000 rwxp 00000000 00:00 0 
7f66b5270000-7f66b8388000 rw-p 00000000 00:00 0 
7f66b8388000-7f66bc000000 ---p 00000000 00:00 0 
7f66bc000000-7f66bc005000 r--s 0004d000 08:06 1728656                    /usr/lib/jvm/java-7-openjdk-amd64/jre/lib/jsse.jar
7f66bc005000-7f66bc00f000 r--s 00000000 08:06 2624458                    /usr/share/fonts/type1/mathml/Symbol.pfb
7f66bc00f000-7f66bc019000 r--s 000ae000 08:06 1726921                    /usr/lib/jvm/java-7-openjdk-amd64/jre/lib/resources.jar
7f66bc019000-7f66bc020000 r--s 00000000 08:06 1983057                    /usr/lib/x86_64-linux-gnu/gconv/gconv-modules.cache
7f66bc020000-7f66bc7d3000 rw-p 00000000 00:00 0 
7f66bc7d3000-7f66bc984000 r--s 01d27000 08:06 1726959                    /usr/lib/jvm/java-7-openjdk-amd64/jre/lib/rt.jar
7f66bc984000-7f66bccb3000 rw-p 00000000 00:00 0 
7f66bccb3000-7f66bccb4000 ---p 00000000 00:00 0 
7f66bccb4000-7f66bcdb4000 rw-p 00000000 00:00 0                          [stack:3906]
7f66bcdb4000-7f66bcdb5000 ---p 00000000 00:00 0 
7f66bcdb5000-7f66bceb5000 rw-p 00000000 00:00 0                          [stack:3905]
7f66bceb5000-7f66bceb6000 ---p 00000000 00:00 0 
7f66bceb6000-7f66bcfb6000 rw-p 00000000 00:00 0                          [stack:3904]
7f66bcfb6000-7f66bcfb7000 ---p 00000000 00:00 0 
7f66bcfb7000-7f66bd0c2000 rw-p 00000000 00:00 0                          [stack:3903]
7f66bd0c2000-7f66bd10a000 rw-p 00000000 00:00 0 
7f66bd10a000-7f66bd11e000 rw-p 00000000 00:00 0 
7f66bd11e000-7f66bd24c000 rw-p 00000000 00:00 0 
7f66bd24c000-7f66bd257000 rw-p 00000000 00:00 0 
7f66bd257000-7f66bd29f000 rw-p 00000000 00:00 0 
7f66bd29f000-7f66bd2b3000 rw-p 00000000 00:00 0 
7f66bd2b3000-7f66bd3e1000 rw-p 00000000 00:00 0 
7f66bd3e1000-7f66bd3ec000 rw-p 00000000 00:00 0 
7f66bd3ec000-7f66bd482000 rw-p 00000000 00:00 0 
7f66bd482000-7f66bd483000 rw-p 00000000 00:00 0 
7f66bd483000-7f66bd48b000 r-xp 00000000 08:06 1726935                    /usr/lib/jvm/java-7-openjdk-amd64/jre/lib/amd64/libzip.so
7f66bd48b000-7f66bd68a000 ---p 00008000 08:06 1726935                    /usr/lib/jvm/java-7-openjdk-amd64/jre/lib/amd64/libzip.so
7f66bd68a000-7f66bd68b000 r--p 00007000 08:06 1726935                    /usr/lib/jvm/java-7-openjdk-amd64/jre/lib/amd64/libzip.so
7f66bd68b000-7f66bd68c000 rw-p 00008000 08:06 1726935                    /usr/lib/jvm/java-7-openjdk-amd64/jre/lib/amd64/libzip.so
7f66bd68c000-7f66bd697000 r-xp 00000000 08:06 2886927                    /lib/x86_64-linux-gnu/libnss_files-2.19.so
7f66bd697000-7f66bd896000 ---p 0000b000 08:06 2886927                    /lib/x86_64-linux-gnu/libnss_files-2.19.so
7f66bd896000-7f66bd897000 r--p 0000a000 08:06 2886927                    /lib/x86_64-linux-gnu/libnss_files-2.19.so
7f66bd897000-7f66bd898000 rw-p 0000b000 08:06 2886927                    /lib/x86_64-linux-gnu/libnss_files-2.19.so
7f66bd898000-7f66bd8a3000 r-xp 00000000 08:06 2887005                    /lib/x86_64-linux-gnu/libnss_nis-2.19.so
7f66bd8a3000-7f66bdaa2000 ---p 0000b000 08:06 2887005                    /lib/x86_64-linux-gnu/libnss_nis-2.19.so
7f66bdaa2000-7f66bdaa3000 r--p 0000a000 08:06 2887005                    /lib/x86_64-linux-gnu/libnss_nis-2.19.so
7f66bdaa3000-7f66bdaa4000 rw-p 0000b000 08:06 2887005                    /lib/x86_64-linux-gnu/libnss_nis-2.19.so
7f66bdaa4000-7f66bdabb000 r-xp 00000000 08:06 2886963                    /lib/x86_64-linux-gnu/libnsl-2.19.so
7f66bdabb000-7f66bdcba000 ---p 00017000 08:06 2886963                    /lib/x86_64-linux-gnu/libnsl-2.19.so
7f66bdcba000-7f66bdcbb000 r--p 00016000 08:06 2886963                    /lib/x86_64-linux-gnu/libnsl-2.19.so
7f66bdcbb000-7f66bdcbc000 rw-p 00017000 08:06 2886963                    /lib/x86_64-linux-gnu/libnsl-2.19.so
7f66bdcbc000-7f66bdcbe000 rw-p 00000000 00:00 0 
7f66bdcbe000-7f66bdcc7000 r-xp 00000000 08:06 2886959                    /lib/x86_64-linux-gnu/libnss_compat-2.19.so
7f66bdcc7000-7f66bdec6000 ---p 00009000 08:06 2886959                    /lib/x86_64-linux-gnu/libnss_compat-2.19.so
7f66bdec6000-7f66bdec7000 r--p 00008000 08:06 2886959                    /lib/x86_64-linux-gnu/libnss_compat-2.19.so
7f66bdec7000-7f66bdec8000 rw-p 00009000 08:06 2886959                    /lib/x86_64-linux-gnu/libnss_compat-2.19.so
7f66bdec8000-7f66be5b7000 r--p 00000000 08:06 1711125                    /usr/lib/locale/locale-archive
7f66be5b7000-7f66be5ba000 r-xp 00000000 08:06 1726930                    /usr/lib/jvm/java-7-openjdk-amd64/jre/lib/amd64/libnpt.so
7f66be5ba000-7f66be7b9000 ---p 00003000 08:06 1726930                    /usr/lib/jvm/java-7-openjdk-amd64/jre/lib/amd64/libnpt.so
7f66be7b9000-7f66be7ba000 r--p 00002000 08:06 1726930                    /usr/lib/jvm/java-7-openjdk-amd64/jre/lib/amd64/libnpt.so
7f66be7ba000-7f66be7bb000 rw-p 00003000 08:06 1726930                    /usr/lib/jvm/java-7-openjdk-amd64/jre/lib/amd64/libnpt.so
7f66be7bb000-7f66be7f5000 r-xp 00000000 08:06 1726956                    /usr/lib/jvm/java-7-openjdk-amd64/jre/lib/amd64/libjdwp.so
7f66be7f5000-7f66be9f4000 ---p 0003a000 08:06 1726956                    /usr/lib/jvm/java-7-openjdk-amd64/jre/lib/amd64/libjdwp.so
7f66be9f4000-7f66be9f5000 r--p 00039000 08:06 1726956                    /usr/lib/jvm/java-7-openjdk-amd64/jre/lib/amd64/libjdwp.so
7f66be9f5000-7f66be9f6000 rw-p 0003a000 08:06 1726956                    /usr/lib/jvm/java-7-openjdk-amd64/jre/lib/amd64/libjdwp.so
7f66be9f6000-7f66bea21000 r-xp 00000000 08:06 1726952                    /usr/lib/jvm/java-7-openjdk-amd64/jre/lib/amd64/libjava.so
7f66bea21000-7f66bec21000 ---p 0002b000 08:06 1726952                    /usr/lib/jvm/java-7-openjdk-amd64/jre/lib/amd64/libjava.so
7f66bec21000-7f66bec22000 r--p 0002b000 08:06 1726952                    /usr/lib/jvm/java-7-openjdk-amd64/jre/lib/amd64/libjava.so
7f66bec22000-7f66bec24000 rw-p 0002c000 08:06 1726952                    /usr/lib/jvm/java-7-openjdk-amd64/jre/lib/amd64/libjava.so
7f66bec24000-7f66bec34000 r-xp 00000000 08:06 1726949                    /usr/lib/jvm/java-7-openjdk-amd64/jre/lib/amd64/libverify.so
7f66bec34000-7f66bee33000 ---p 00010000 08:06 1726949                    /usr/lib/jvm/java-7-openjdk-amd64/jre/lib/amd64/libverify.so
7f66bee33000-7f66bee35000 r--p 0000f000 08:06 1726949                    /usr/lib/jvm/java-7-openjdk-amd64/jre/lib/amd64/libverify.so
7f66bee35000-7f66bee36000 rw-p 00011000 08:06 1726949                    /usr/lib/jvm/java-7-openjdk-amd64/jre/lib/amd64/libverify.so
7f66bee36000-7f66bee3d000 r-xp 00000000 08:06 2886995                    /lib/x86_64-linux-gnu/librt-2.19.so
7f66bee3d000-7f66bf03c000 ---p 00007000 08:06 2886995                    /lib/x86_64-linux-gnu/librt-2.19.so
7f66bf03c000-7f66bf03d000 r--p 00006000 08:06 2886995                    /lib/x86_64-linux-gnu/librt-2.19.so
7f66bf03d000-7f66bf03e000 rw-p 00007000 08:06 2886995                    /lib/x86_64-linux-gnu/librt-2.19.so
7f66bf03e000-7f66bf054000 r-xp 00000000 08:06 2884919                    /lib/x86_64-linux-gnu/libgcc_s.so.1
7f66bf054000-7f66bf253000 ---p 00016000 08:06 2884919                    /lib/x86_64-linux-gnu/libgcc_s.so.1
7f66bf253000-7f66bf254000 rw-p 00015000 08:06 2884919                    /lib/x86_64-linux-gnu/libgcc_s.so.1
7f66bf254000-7f66bf359000 r-xp 00000000 08:06 2886922                    /lib/x86_64-linux-gnu/libm-2.19.so
7f66bf359000-7f66bf558000 ---p 00105000 08:06 2886922                    /lib/x86_64-linux-gnu/libm-2.19.so
7f66bf558000-7f66bf559000 r--p 00104000 08:06 2886922                    /lib/x86_64-linux-gnu/libm-2.19.so
7f66bf559000-7f66bf55a000 rw-p 00105000 08:06 2886922                    /lib/x86_64-linux-gnu/libm-2.19.so
7f66bf55a000-7f66bf640000 r-xp 00000000 08:06 1719248                    /usr/lib/x86_64-linux-gnu/libstdc++.so.6.0.19
7f66bf640000-7f66bf83f000 ---p 000e6000 08:06 1719248                    /usr/lib/x86_64-linux-gnu/libstdc++.so.6.0.19
7f66bf83f000-7f66bf847000 r--p 000e5000 08:06 1719248                    /usr/lib/x86_64-linux-gnu/libstdc++.so.6.0.19
7f66bf847000-7f66bf849000 rw-p 000ed000 08:06 1719248                    /usr/lib/x86_64-linux-gnu/libstdc++.so.6.0.19
7f66bf849000-7f66bf85e000 rw-p 00000000 00:00 0 
7f66bf85e000-7f66c0376000 r-xp 00000000 08:06 1726957                    /usr/lib/jvm/java-7-openjdk-amd64/jre/lib/amd64/server/libjvm.so
7f66c0376000-7f66c0576000 ---p 00b18000 08:06 1726957                    /usr/lib/jvm/java-7-openjdk-amd64/jre/lib/amd64/server/libjvm.so
7f66c0576000-7f66c0610000 r--p 00b18000 08:06 1726957                    /usr/lib/jvm/java-7-openjdk-amd64/jre/lib/amd64/server/libjvm.so
7f66c0610000-7f66c0633000 rw-p 00bb2000 08:06 1726957                    /usr/lib/jvm/java-7-openjdk-amd64/jre/lib/amd64/server/libjvm.so
7f66c0633000-7f66c0661000 rw-p 00000000 00:00 0 
7f66c0661000-7f66c0679000 r-xp 00000000 08:06 2887730                    /lib/x86_64-linux-gnu/libz.so.1.2.8
7f66c0679000-7f66c0878000 ---p 00018000 08:06 2887730                    /lib/x86_64-linux-gnu/libz.so.1.2.8
7f66c0878000-7f66c0879000 r--p 00017000 08:06 2887730                    /lib/x86_64-linux-gnu/libz.so.1.2.8
7f66c0879000-7f66c087a000 rw-p 00018000 08:06 2887730                    /lib/x86_64-linux-gnu/libz.so.1.2.8
7f66c087a000-7f66c0893000 r-xp 00000000 08:06 2886987                    /lib/x86_64-linux-gnu/libpthread-2.19.so
7f66c0893000-7f66c0a92000 ---p 00019000 08:06 2886987                    /lib/x86_64-linux-gnu/libpthread-2.19.so
7f66c0a92000-7f66c0a93000 r--p 00018000 08:06 2886987                    /lib/x86_64-linux-gnu/libpthread-2.19.so
7f66c0a93000-7f66c0a94000 rw-p 00019000 08:06 2886987                    /lib/x86_64-linux-gnu/libpthread-2.19.so
7f66c0a94000-7f66c0a98000 rw-p 00000000 00:00 0 
7f66c0a98000-7f66c0a9b000 r-xp 00000000 08:06 2886939                    /lib/x86_64-linux-gnu/libdl-2.19.so
7f66c0a9b000-7f66c0c9a000 ---p 00003000 08:06 2886939                    /lib/x86_64-linux-gnu/libdl-2.19.so
7f66c0c9a000-7f66c0c9b000 r--p 00002000 08:06 2886939                    /lib/x86_64-linux-gnu/libdl-2.19.so
7f66c0c9b000-7f66c0c9c000 rw-p 00003000 08:06 2886939                    /lib/x86_64-linux-gnu/libdl-2.19.so
7f66c0c9c000-7f66c0e57000 r-xp 00000000 08:06 2886983                    /lib/x86_64-linux-gnu/libc-2.19.so
7f66c0e57000-7f66c1056000 ---p 001bb000 08:06 2886983                    /lib/x86_64-linux-gnu/libc-2.19.so
7f66c1056000-7f66c105a000 r--p 001ba000 08:06 2886983                    /lib/x86_64-linux-gnu/libc-2.19.so
7f66c105a000-7f66c105c000 rw-p 001be000 08:06 2886983                    /lib/x86_64-linux-gnu/libc-2.19.so
7f66c105c000-7f66c1061000 rw-p 00000000 00:00 0 
7f66c1061000-7f66c106e000 r-xp 00000000 08:06 1726927                    /usr/lib/jvm/java-7-openjdk-amd64/jre/lib/amd64/jli/libjli.so
7f66c106e000-7f66c126d000 ---p 0000d000 08:06 1726927                    /usr/lib/jvm/java-7-openjdk-amd64/jre/lib/amd64/jli/libjli.so
7f66c126d000-7f66c126e000 r--p 0000c000 08:06 1726927                    /usr/lib/jvm/java-7-openjdk-amd64/jre/lib/amd64/jli/libjli.so
7f66c126e000-7f66c126f000 rw-p 0000d000 08:06 1726927                    /usr/lib/jvm/java-7-openjdk-amd64/jre/lib/amd64/jli/libjli.so
7f66c126f000-7f66c1292000 r-xp 00000000 08:06 2886971                    /lib/x86_64-linux-gnu/ld-2.19.so
7f66c1293000-7f66c1295000 rw-p 00000000 00:00 0 
7f66c1295000-7f66c1298000 r--s 0000f000 08:06 1726963                    /usr/lib/jvm/java-7-openjdk-amd64/jre/lib/ext/icedtea-sound.jar
7f66c1298000-7f66c129c000 r--s 0003c000 08:06 1726966                    /usr/lib/jvm/java-7-openjdk-amd64/jre/lib/ext/sunpkcs11.jar
7f66c129c000-7f66c129d000 r--s 00002000 08:06 1726964                    /usr/lib/jvm/java-7-openjdk-amd64/jre/lib/ext/dnsns.jar
7f66c129d000-7f66c12a1000 r--s 00034000 08:06 1726970                    /usr/lib/jvm/java-7-openjdk-amd64/jre/lib/ext/sunjce_provider.jar
7f66c12a1000-7f66c12a3000 r--s 00012000 08:06 1726972                    /usr/lib/jvm/java-7-openjdk-amd64/jre/lib/ext/zipfs.jar
7f66c12a3000-7f66c12a6000 r--s 00086000 08:06 1726968                    /usr/lib/jvm/java-7-openjdk-amd64/jre/lib/ext/localedata.jar
7f66c12a6000-7f66c12b0000 rw-p 00000000 00:00 0 
7f66c12b0000-7f66c1366000 rw-p 00000000 00:00 0 
7f66c1366000-7f66c1369000 ---p 00000000 00:00 0 
7f66c1369000-7f66c146c000 rw-p 00000000 00:00 0                          [stack:3902]
7f66c146c000-7f66c146e000 r--s 00006000 08:06 2104879                    /usr/share/java/java-atk-wrapper.jar
7f66c146e000-7f66c1485000 rw-p 00000000 00:00 0 
7f66c1485000-7f66c148d000 rw-s 00000000 08:06 2509067                    /tmp/hsperfdata_eu/3896
7f66c148d000-7f66c148e000 rw-p 00000000 00:00 0 
7f66c148e000-7f66c148f000 r--p 00000000 00:00 0 
7f66c148f000-7f66c1491000 rw-p 00000000 00:00 0 
7f66c1491000-7f66c1492000 r--p 00022000 08:06 2886971                    /lib/x86_64-linux-gnu/ld-2.19.so
7f66c1492000-7f66c1493000 rw-p 00023000 08:06 2886971                    /lib/x86_64-linux-gnu/ld-2.19.so
7f66c1493000-7f66c1494000 rw-p 00000000 00:00 0 
7ffe3e13e000-7ffe3e15f000 rw-p 00000000 00:00 0                          [stack]
7ffe3e1d1000-7ffe3e1d3000 r-xp 00000000 00:00 0                          [vdso]
ffffffffff600000-ffffffffff601000 r-xp 00000000 00:00 0                  [vsyscall]

VM Arguments:
jvm_args: -agentlib:jdwp=transport=dt_socket,suspend=y,address=localhost:48656 -Dfile.encoding=UTF-8 
java_command: Checksum
Launcher Type: SUN_STANDARD

Environment Variables:
PATH=/usr/local/sbin:/usr/local/bin:/usr/sbin:/usr/bin:/sbin:/bin:/usr/games:/usr/local/games
SHELL=/bin/bash
DISPLAY=:0

Signal Handlers:
SIGSEGV: [libjvm.so+0x94b9a0], sa_mask[0]=0x7ffbfeff, sa_flags=0x10000004
SIGBUS: [libjvm.so+0x94b9a0], sa_mask[0]=0x7ffbfeff, sa_flags=0x10000004
SIGFPE: [libjvm.so+0x7c3880], sa_mask[0]=0x7ffbfeff, sa_flags=0x10000004
SIGPIPE: [libjvm.so+0x7c3880], sa_mask[0]=0x7ffbfeff, sa_flags=0x10000004
SIGXFSZ: [libjvm.so+0x7c3880], sa_mask[0]=0x7ffbfeff, sa_flags=0x10000004
SIGILL: [libjvm.so+0x7c3880], sa_mask[0]=0x7ffbfeff, sa_flags=0x10000004
SIGUSR1: SIG_DFL, sa_mask[0]=0x00000000, sa_flags=0x00000000
SIGUSR2: [libjvm.so+0x7c3720], sa_mask[0]=0x00000004, sa_flags=0x10000004
SIGHUP: [libjvm.so+0x7c3900], sa_mask[0]=0x7ffbfeff, sa_flags=0x10000004
SIGINT: [libjvm.so+0x7c3900], sa_mask[0]=0x7ffbfeff, sa_flags=0x10000004
SIGTERM: [libjvm.so+0x7c3900], sa_mask[0]=0x7ffbfeff, sa_flags=0x10000004
SIGQUIT: [libjvm.so+0x7c3900], sa_mask[0]=0x7ffbfeff, sa_flags=0x10000004
SIGTRAP: SIG_DFL, sa_mask[0]=0x00000000, sa_flags=0x00000000


---------------  S Y S T E M  ---------------

OS:Ubuntu 14.04 (trusty)
uname:Linux 3.13.0-55-generic #94-Ubuntu SMP Thu Jun 18 00:27:10 UTC 2015 x86_64
libc:glibc 2.19 NPTL 2.19 
rlimit: STACK 8192k, CORE 0k, NPROC 30742, NOFILE 4096, AS infinity
load average:0,12 0,20 0,14

/proc/meminfo:
MemTotal:        3956680 kB
MemFree:         1148596 kB
Buffers:          149976 kB
Cached:          1059812 kB
SwapCached:            0 kB
Active:          1816368 kB
Inactive:         793440 kB
Active(anon):    1401944 kB
Inactive(anon):   176068 kB
Active(file):     414424 kB
Inactive(file):   617372 kB
Unevictable:          16 kB
Mlocked:              16 kB
SwapTotal:       4102140 kB
SwapFree:        4102140 kB
Dirty:                84 kB
Writeback:             0 kB
AnonPages:       1400132 kB
Mapped:           241184 kB
Shmem:            177988 kB
Slab:              99928 kB
SReclaimable:      64720 kB
SUnreclaim:        35208 kB
KernelStack:        4256 kB
PageTables:        31476 kB
NFS_Unstable:          0 kB
Bounce:                0 kB
WritebackTmp:          0 kB
CommitLimit:     6080480 kB
Committed_AS:    4528000 kB
VmallocTotal:   34359738367 kB
VmallocUsed:      404804 kB
VmallocChunk:   34359324940 kB
HardwareCorrupted:     0 kB
AnonHugePages:    671744 kB
HugePages_Total:       0
HugePages_Free:        0
HugePages_Rsvd:        0
HugePages_Surp:        0
Hugepagesize:       2048 kB
DirectMap4k:       86576 kB
DirectMap2M:     4018176 kB


CPU:total 4 (2 cores per cpu, 2 threads per core) family 6 model 42 stepping 7, cmov, cx8, fxsr, mmx, sse, sse2, sse3, ssse3, sse4.1, sse4.2, popcnt, avx, ht, tsc, tscinvbit

/proc/cpuinfo:
processor	: 0
vendor_id	: GenuineIntel
cpu family	: 6
model		: 42
model name	: Intel(R) Core(TM) i5-2410M CPU @ 2.30GHz
stepping	: 7
microcode	: 0x14
cpu MHz		: 800.000
cache size	: 3072 KB
physical id	: 0
siblings	: 4
core id		: 0
cpu cores	: 2
apicid		: 0
initial apicid	: 0
fpu		: yes
fpu_exception	: yes
cpuid level	: 13
wp		: yes
flags		: fpu vme de pse tsc msr pae mce cx8 apic sep mtrr pge mca cmov pat pse36 clflush dts acpi mmx fxsr sse sse2 ss ht tm pbe syscall nx rdtscp lm constant_tsc arch_perfmon pebs bts rep_good nopl xtopology nonstop_tsc aperfmperf eagerfpu pni pclmulqdq dtes64 monitor ds_cpl vmx est tm2 ssse3 cx16 xtpr pdcm pcid sse4_1 sse4_2 x2apic popcnt tsc_deadline_timer xsave avx lahf_lm ida arat epb xsaveopt pln pts dtherm tpr_shadow vnmi flexpriority ept vpid
bogomips	: 4589.65
clflush size	: 64
cache_alignment	: 64
address sizes	: 36 bits physical, 48 bits virtual
power management:

processor	: 1
vendor_id	: GenuineIntel
cpu family	: 6
model		: 42
model name	: Intel(R) Core(TM) i5-2410M CPU @ 2.30GHz
stepping	: 7
microcode	: 0x14
cpu MHz		: 800.000
cache size	: 3072 KB
physical id	: 0
siblings	: 4
core id		: 1
cpu cores	: 2
apicid		: 2
initial apicid	: 2
fpu		: yes
fpu_exception	: yes
cpuid level	: 13
wp		: yes
flags		: fpu vme de pse tsc msr pae mce cx8 apic sep mtrr pge mca cmov pat pse36 clflush dts acpi mmx fxsr sse sse2 ss ht tm pbe syscall nx rdtscp lm constant_tsc arch_perfmon pebs bts rep_good nopl xtopology nonstop_tsc aperfmperf eagerfpu pni pclmulqdq dtes64 monitor ds_cpl vmx est tm2 ssse3 cx16 xtpr pdcm pcid sse4_1 sse4_2 x2apic popcnt tsc_deadline_timer xsave avx lahf_lm ida arat epb xsaveopt pln pts dtherm tpr_shadow vnmi flexpriority ept vpid
bogomips	: 4589.65
clflush size	: 64
cache_alignment	: 64
address sizes	: 36 bits physical, 48 bits virtual
power management:

processor	: 2
vendor_id	: GenuineIntel
cpu family	: 6
model		: 42
model name	: Intel(R) Core(TM) i5-2410M CPU @ 2.30GHz
stepping	: 7
microcode	: 0x14
cpu MHz		: 2300.000
cache size	: 3072 KB
physical id	: 0
siblings	: 4
core id		: 0
cpu cores	: 2
apicid		: 1
initial apicid	: 1
fpu		: yes
fpu_exception	: yes
cpuid level	: 13
wp		: yes
flags		: fpu vme de pse tsc msr pae mce cx8 apic sep mtrr pge mca cmov pat pse36 clflush dts acpi mmx fxsr sse sse2 ss ht tm pbe syscall nx rdtscp lm constant_tsc arch_perfmon pebs bts rep_good nopl xtopology nonstop_tsc aperfmperf eagerfpu pni pclmulqdq dtes64 monitor ds_cpl vmx est tm2 ssse3 cx16 xtpr pdcm pcid sse4_1 sse4_2 x2apic popcnt tsc_deadline_timer xsave avx lahf_lm ida arat epb xsaveopt pln pts dtherm tpr_shadow vnmi flexpriority ept vpid
bogomips	: 4589.65
clflush size	: 64
cache_alignment	: 64
address sizes	: 36 bits physical, 48 bits virtual
power management:

processor	: 3
vendor_id	: GenuineIntel
cpu family	: 6
model		: 42
model name	: Intel(R) Core(TM) i5-2410M CPU @ 2.30GHz
stepping	: 7
microcode	: 0x14
cpu MHz		: 800.000
cache size	: 3072 KB
physical id	: 0
siblings	: 4
core id		: 1
cpu cores	: 2
apicid		: 3
initial apicid	: 3
fpu		: yes
fpu_exception	: yes
cpuid level	: 13
wp		: yes
flags		: fpu vme de pse tsc msr pae mce cx8 apic sep mtrr pge mca cmov pat pse36 clflush dts acpi mmx fxsr sse sse2 ss ht tm pbe syscall nx rdtscp lm constant_tsc arch_perfmon pebs bts rep_good nopl xtopology nonstop_tsc aperfmperf eagerfpu pni pclmulqdq dtes64 monitor ds_cpl vmx est tm2 ssse3 cx16 xtpr pdcm pcid sse4_1 sse4_2 x2apic popcnt tsc_deadline_timer xsave avx lahf_lm ida arat epb xsaveopt pln pts dtherm tpr_shadow vnmi flexpriority ept vpid
bogomips	: 4589.65
clflush size	: 64
cache_alignment	: 64
address sizes	: 36 bits physical, 48 bits virtual
power management:



Memory: 4k page, physical 3956680k(1148596k free), swap 4102140k(4102140k free)

vm_info: OpenJDK 64-Bit Server VM (24.79-b02) for linux-amd64 JRE (1.7.0_79-b14), built on Apr 16 2015 08:21:58 by "buildd" with gcc 4.8.2

time: Wed Jul  1 19:30:14 2015
elapsed time: 86 seconds

